FAILED tests/test_caldav.py::TestForServerPurelyMail::testCheckCompatibility - caldav.lib.error.NotFoundError: NotFoundError a...
FAILED tests/test_caldav.py::TestForServerPurelyMail::testIssue397 - caldav.lib.error.NotFoundError: NotFoundError a...
FAILED tests/test_caldav.py::TestForServerPurelyMail::testCreateDeleteCalendar - Failed: DID NOT RAISE <class 'caldav.lib.error....
FAILED tests/test_caldav.py::TestForServerPurelyMail::testChangeAttendeeStatusWithEmailGiven - caldav.lib.error.NotFoundError: NotFoundError a...
FAILED tests/test_caldav.py::TestForServerPurelyMail::testObjectByUID - caldav.lib.error.NotFoundError: NotFoundError a...
FAILED tests/test_caldav.py::TestForServerPurelyMail::testCreateChildParent - caldav.lib.error.NotFoundError: NotFoundError a...
FAILED tests/test_caldav.py::TestForServerPurelyMail::testSetDue - Failed: DID NOT RAISE <class 'caldav.lib.error....
FAILED tests/test_caldav.py::TestForServerPurelyMail::testLookupEvent - caldav.lib.error.NotFoundError: NotFoundError a...
FAILED tests/test_caldav.py::TestForServerPurelyMail::testCreateOverwriteDeleteEvent - caldav.lib.error.NotFoundError: NotFoundError a...
